# JRE version: Java(TM) SE Runtime Environment (8.0_91-b14) (build 1.8.0_91-b14)
# Java VM: Java HotSpot(TM) 64-Bit Server VM (25.91-b14 mixed mode linux-amd64 compressed oops)
Heap:
 PSYoungGen      total 30208K, used 1013K [0x00000000e1800000, 0x00000000e5400000, 0x0000000100000000)
  eden space 23040K, 4% used [0x00000000e1800000,0x00000000e18fd7d0,0x00000000e2e80000)
  from space 7168K, 0% used [0x00000000e2e80000,0x00000000e2e80000,0x00000000e3580000)
  to   space 7680K, 0% used [0x00000000e4c80000,0x00000000e4c80000,0x00000000e5400000)
 ParOldGen       total 34304K, used 5485K [0x00000000a4800000, 0x00000000a6980000, 0x00000000e1800000)
  object space 34304K, 15% used [0x00000000a4800000,0x00000000a4d5b730,0x00000000a6980000)
 Metaspace       used 21066K, capacity 21340K, committed 21632K, reserved 1069056K
  class space    used 2518K, capacity 2591K, committed 2688K, reserved 1048576K
GC Heap History (10 events):
Event: 101,902 GC heap before
{Heap before GC invocations=4 (full 0):
 PSYoungGen      total 27648K, used 27632K [0x00000000e1800000, 0x00000000e3680000, 0x0000000100000000)
  eden space 24064K, 100% used [0x00000000e1800000,0x00000000e2f80000,0x00000000e2f80000)
  from space 3584K, 99% used [0x00000000e2f80000,0x00000000e32fc050,0x00000000e3300000)
  to   space 3584K, 0% used [0x00000000e3300000,0x00000000e3300000,0x00000000e3680000)
 ParOldGen       total 62976K, used 5489K [0x00000000a4800000, 0x00000000a8580000, 0x00000000e1800000)
  object space 62976K, 8% used [0x00000000a4800000,0x00000000a4d5c5c0,0x00000000a8580000)
 Metaspace       used 18716K, capacity 18924K, committed 19200K, reserved 1067008K
  class space    used 2196K, capacity 2263K, committed 2304K, reserved 1048576K
Event: 101,911 GC heap after
Heap after GC invocations=4 (full 0):
 PSYoungGen      total 27648K, used 3568K [0x00000000e1800000, 0x00000000e3680000, 0x0000000100000000)
  eden space 24064K, 0% used [0x00000000e1800000,0x00000000e1800000,0x00000000e2f80000)
  from space 3584K, 99% used [0x00000000e3300000,0x00000000e367c030,0x00000000e3680000)
  to   space 3584K, 0% used [0x00000000e2f80000,0x00000000e2f80000,0x00000000e3300000)
 ParOldGen       total 62976K, used 5905K [0x00000000a4800000, 0x00000000a8580000, 0x00000000e1800000)
  object space 62976K, 9% used [0x00000000a4800000,0x00000000a4dc4718,0x00000000a8580000)
 Metaspace       used 18716K, capacity 18924K, committed 19200K, reserved 1067008K
  class space    used 2196K, capacity 2263K, committed 2304K, reserved 1048576K
}
Event: 107,458 GC heap before
{Heap before GC invocations=5 (full 0):
 PSYoungGen      total 27648K, used 27632K [0x00000000e1800000, 0x00000000e3680000, 0x0000000100000000)
  eden space 24064K, 100% used [0x00000000e1800000,0x00000000e2f80000,0x00000000e2f80000)
  from space 3584K, 99% used [0x00000000e3300000,0x00000000e367c030,0x00000000e3680000)
  to   space 3584K, 0% used [0x00000000e2f80000,0x00000000e2f80000,0x00000000e3300000)
 ParOldGen       total 62976K, used 5905K [0x00000000a4800000, 0x00000000a8580000, 0x00000000e1800000)
  object space 62976K, 9% used [0x00000000a4800000,0x00000000a4dc4718,0x00000000a8580000)
 Metaspace       used 18857K, capacity 19116K, committed 19456K, reserved 1067008K
  class space    used 2206K, capacity 2263K, committed 2304K, reserved 1048576K
Event: 107,473 GC heap after
Heap after GC invocations=5 (full 0):
 PSYoungGen      total 27136K, used 3564K [0x00000000e1800000, 0x00000000e3d00000, 0x0000000100000000)
  eden space 23552K, 0% used [0x00000000e1800000,0x00000000e1800000,0x00000000e2f00000)
  from space 3584K, 99% used [0x00000000e2f80000,0x00000000e32fb268,0x00000000e3300000)
  to   space 7168K, 0% used [0x00000000e3600000,0x00000000e3600000,0x00000000e3d00000)
 ParOldGen       total 62976K, used 6182K [0x00000000a4800000, 0x00000000a8580000, 0x00000000e1800000)
  object space 62976K, 9% used [0x00000000a4800000,0x00000000a4e09b98,0x00000000a8580000)
 Metaspace       used 18857K, capacity 19116K, committed 19456K, reserved 1067008K
  class space    used 2206K, capacity 2263K, committed 2304K, reserved 1048576K
}
Event: 162,324 GC heap before
{Heap before GC invocations=6 (full 0):
 PSYoungGen      total 27136K, used 27116K [0x00000000e1800000, 0x00000000e3d00000, 0x0000000100000000)
  eden space 23552K, 100% used [0x00000000e1800000,0x00000000e2f00000,0x00000000e2f00000)
  from space 3584K, 99% used [0x00000000e2f80000,0x00000000e32fb268,0x00000000e3300000)
  to   space 7168K, 0% used [0x00000000e3600000,0x00000000e3600000,0x00000000e3d00000)
 ParOldGen       total 62976K, used 6182K [0x00000000a4800000, 0x00000000a8580000, 0x00000000e1800000)
  object space 62976K, 9% used [0x00000000a4800000,0x00000000a4e09b98,0x00000000a8580000)
 Metaspace       used 20045K, capacity 20332K, committed 20736K, reserved 1067008K
  class space    used 2361K, capacity 2455K, committed 2560K, reserved 1048576K
Event: 162,339 GC heap after
Heap after GC invocations=6 (full 0):
 PSYoungGen      total 29696K, used 3792K [0x00000000e1800000, 0x00000000e3c80000, 0x0000000100000000)
  eden space 23040K, 0% used [0x00000000e1800000,0x00000000e1800000,0x00000000e2e80000)
  from space 6656K, 56% used [0x00000000e3600000,0x00000000e39b4050,0x00000000e3c80000)
  to   space 7168K, 0% used [0x00000000e2e80000,0x00000000e2e80000,0x00000000e3580000)
 ParOldGen       total 62976K, used 6190K [0x00000000a4800000, 0x00000000a8580000, 0x00000000e1800000)
  object space 62976K, 9% used [0x00000000a4800000,0x00000000a4e0bb98,0x00000000a8580000)
 Metaspace       used 20045K, capacity 20332K, committed 20736K, reserved 1067008K
  class space    used 2361K, capacity 2455K, committed 2560K, reserved 1048576K
}
Event: 162,497 GC heap before
{Heap before GC invocations=7 (full 0):
 PSYoungGen      total 29696K, used 6568K [0x00000000e1800000, 0x00000000e3c80000, 0x0000000100000000)
  eden space 23040K, 12% used [0x00000000e1800000,0x00000000e1ab60c0,0x00000000e2e80000)
  from space 6656K, 56% used [0x00000000e3600000,0x00000000e39b4050,0x00000000e3c80000)
  to   space 7168K, 0% used [0x00000000e2e80000,0x00000000e2e80000,0x00000000e3580000)
 ParOldGen       total 62976K, used 6190K [0x00000000a4800000, 0x00000000a8580000, 0x00000000e1800000)
  object space 62976K, 9% used [0x00000000a4800000,0x00000000a4e0bb98,0x00000000a8580000)
 Metaspace       used 20821K, capacity 21052K, committed 21248K, reserved 1069056K
  class space    used 2489K, capacity 2559K, committed 2560K, reserved 1048576K
Event: 162,515 GC heap after
Heap after GC invocations=7 (full 0):
 PSYoungGen      total 30208K, used 1264K [0x00000000e1800000, 0x00000000e5400000, 0x0000000100000000)
  eden space 23040K, 0% used [0x00000000e1800000,0x00000000e1800000,0x00000000e2e80000)
  from space 7168K, 17% used [0x00000000e2e80000,0x00000000e2fbc010,0x00000000e3580000)
  to   space 7680K, 0% used [0x00000000e4c80000,0x00000000e4c80000,0x00000000e5400000)
 ParOldGen       total 62976K, used 8869K [0x00000000a4800000, 0x00000000a8580000, 0x00000000e1800000)
  object space 62976K, 14% used [0x00000000a4800000,0x00000000a50a96b0,0x00000000a8580000)
 Metaspace       used 20821K, capacity 21052K, committed 21248K, reserved 1069056K
  class space    used 2489K, capacity 2559K, committed 2560K, reserved 1048576K
}
Event: 162,515 GC heap before
{Heap before GC invocations=8 (full 1):
 PSYoungGen      total 30208K, used 1264K [0x00000000e1800000, 0x00000000e5400000, 0x0000000100000000)
  eden space 23040K, 0% used [0x00000000e1800000,0x00000000e1800000,0x00000000e2e80000)
  from space 7168K, 17% used [0x00000000e2e80000,0x00000000e2fbc010,0x00000000e3580000)
  to   space 7680K, 0% used [0x00000000e4c80000,0x00000000e4c80000,0x00000000e5400000)
 ParOldGen       total 62976K, used 8869K [0x00000000a4800000, 0x00000000a8580000, 0x00000000e1800000)
  object space 62976K, 14% used [0x00000000a4800000,0x00000000a50a96b0,0x00000000a8580000)
 Metaspace       used 20821K, capacity 21052K, committed 21248K, reserved 1069056K
  class space    used 2489K, capacity 2559K, committed 2560K, reserved 1048576K
Event: 162,585 GC heap after
Heap after GC invocations=8 (full 1):
 PSYoungGen      total 30208K, used 0K [0x00000000e1800000, 0x00000000e5400000, 0x0000000100000000)
  eden space 23040K, 0% used [0x00000000e1800000,0x00000000e1800000,0x00000000e2e80000)
  from space 7168K, 0% used [0x00000000e2e80000,0x00000000e2e80000,0x00000000e3580000)
  to   space 7680K, 0% used [0x00000000e4c80000,0x00000000e4c80000,0x00000000e5400000)
 ParOldGen       total 34304K, used 5485K [0x00000000a4800000, 0x00000000a6980000, 0x00000000e1800000)
  object space 34304K, 15% used [0x00000000a4800000,0x00000000a4d5b730,0x00000000a6980000)
 Metaspace       used 20821K, capacity 21052K, committed 21248K, reserved 1069056K
  class space    used 2489K, capacity 2559K, committed 2560K, reserved 1048576K
}

