# JRE version: Java(TM) SE Runtime Environment (8.0_91-b14) (build 1.8.0_91-b14)
# Java VM: Java HotSpot(TM) 64-Bit Server VM (25.91-b14 mixed mode linux-amd64 compressed oops)
Heap:
 PSYoungGen      total 27648K, used 73K [0x00000000e1800000, 0x00000000e4880000, 0x0000000100000000)
  eden space 23040K, 0% used [0x00000000e1800000,0x00000000e1812648,0x00000000e2e80000)
  from space 4608K, 0% used [0x00000000e4400000,0x00000000e4400000,0x00000000e4880000)
  to   space 7168K, 0% used [0x00000000e3a80000,0x00000000e3a80000,0x00000000e4180000)
 ParOldGen       total 32768K, used 5638K [0x00000000a4800000, 0x00000000a6800000, 0x00000000e1800000)
  object space 32768K, 17% used [0x00000000a4800000,0x00000000a4d81a20,0x00000000a6800000)
 Metaspace       used 20679K, capacity 21020K, committed 21552K, reserved 1069056K
  class space    used 2503K, capacity 2591K, committed 2688K, reserved 1048576K
GC Heap History (10 events):
Event: 51,991 GC heap before
{Heap before GC invocations=3 (full 0):
 PSYoungGen      total 27648K, used 27632K [0x00000000e1800000, 0x00000000e4e00000, 0x0000000100000000)
  eden space 24064K, 100% used [0x00000000e1800000,0x00000000e2f80000,0x00000000e2f80000)
  from space 3584K, 99% used [0x00000000e3300000,0x00000000e367c050,0x00000000e3680000)
  to   space 3584K, 0% used [0x00000000e2f80000,0x00000000e2f80000,0x00000000e3300000)
 ParOldGen       total 62976K, used 3153K [0x00000000a4800000, 0x00000000a8580000, 0x00000000e1800000)
  object space 62976K, 5% used [0x00000000a4800000,0x00000000a4b14610,0x00000000a8580000)
 Metaspace       used 17981K, capacity 18240K, committed 18432K, reserved 1064960K
  class space    used 2138K, capacity 2229K, committed 2304K, reserved 1048576K
Event: 52,018 GC heap after
Heap after GC invocations=3 (full 0):
 PSYoungGen      total 27648K, used 3552K [0x00000000e1800000, 0x00000000e4e00000, 0x0000000100000000)
  eden space 24064K, 0% used [0x00000000e1800000,0x00000000e1800000,0x00000000e2f80000)
  from space 3584K, 99% used [0x00000000e2f80000,0x00000000e32f8040,0x00000000e3300000)
  to   space 3584K, 0% used [0x00000000e4a80000,0x00000000e4a80000,0x00000000e4e00000)
 ParOldGen       total 62976K, used 5547K [0x00000000a4800000, 0x00000000a8580000, 0x00000000e1800000)
  object space 62976K, 8% used [0x00000000a4800000,0x00000000a4d6af50,0x00000000a8580000)
 Metaspace       used 17981K, capacity 18240K, committed 18432K, reserved 1064960K
  class space    used 2138K, capacity 2229K, committed 2304K, reserved 1048576K
}
Event: 59,986 GC heap before
{Heap before GC invocations=4 (full 0):
 PSYoungGen      total 27648K, used 27616K [0x00000000e1800000, 0x00000000e4e00000, 0x0000000100000000)
  eden space 24064K, 100% used [0x00000000e1800000,0x00000000e2f80000,0x00000000e2f80000)
  from space 3584K, 99% used [0x00000000e2f80000,0x00000000e32f8040,0x00000000e3300000)
  to   space 3584K, 0% used [0x00000000e4a80000,0x00000000e4a80000,0x00000000e4e00000)
 ParOldGen       total 62976K, used 5547K [0x00000000a4800000, 0x00000000a8580000, 0x00000000e1800000)
  object space 62976K, 8% used [0x00000000a4800000,0x00000000a4d6af50,0x00000000a8580000)
 Metaspace       used 18154K, capacity 18380K, committed 18688K, reserved 1064960K
  class space    used 2140K, capacity 2231K, committed 2304K, reserved 1048576K
Event: 59,997 GC heap after
Heap after GC invocations=4 (full 0):
 PSYoungGen      total 27648K, used 3552K [0x00000000e1800000, 0x00000000e4e00000, 0x0000000100000000)
  eden space 24064K, 0% used [0x00000000e1800000,0x00000000e1800000,0x00000000e2f80000)
  from space 3584K, 99% used [0x00000000e4a80000,0x00000000e4df8040,0x00000000e4e00000)
  to   space 3584K, 0% used [0x00000000e2f80000,0x00000000e2f80000,0x00000000e3300000)
 ParOldGen       total 62976K, used 5613K [0x00000000a4800000, 0x00000000a8580000, 0x00000000e1800000)
  object space 62976K, 8% used [0x00000000a4800000,0x00000000a4d7b7a8,0x00000000a8580000)
 Metaspace       used 18154K, capacity 18380K, committed 18688K, reserved 1064960K
  class space    used 2140K, capacity 2231K, committed 2304K, reserved 1048576K
}
Event: 65,946 GC heap before
{Heap before GC invocations=5 (full 0):
 PSYoungGen      total 27648K, used 27616K [0x00000000e1800000, 0x00000000e4e00000, 0x0000000100000000)
  eden space 24064K, 100% used [0x00000000e1800000,0x00000000e2f80000,0x00000000e2f80000)
  from space 3584K, 99% used [0x00000000e4a80000,0x00000000e4df8040,0x00000000e4e00000)
  to   space 3584K, 0% used [0x00000000e2f80000,0x00000000e2f80000,0x00000000e3300000)
 ParOldGen       total 62976K, used 5613K [0x00000000a4800000, 0x00000000a8580000, 0x00000000e1800000)
  object space 62976K, 8% used [0x00000000a4800000,0x00000000a4d7b7a8,0x00000000a8580000)
 Metaspace       used 18223K, capacity 18508K, committed 18944K, reserved 1067008K
  class space    used 2140K, capacity 2231K, committed 2304K, reserved 1048576K
Event: 65,961 GC heap after
Heap after GC invocations=5 (full 0):
 PSYoungGen      total 27136K, used 3552K [0x00000000e1800000, 0x00000000e4b00000, 0x0000000100000000)
  eden space 23552K, 0% used [0x00000000e1800000,0x00000000e1800000,0x00000000e2f00000)
  from space 3584K, 99% used [0x00000000e2f80000,0x00000000e32f8040,0x00000000e3300000)
  to   space 7168K, 0% used [0x00000000e4400000,0x00000000e4400000,0x00000000e4b00000)
 ParOldGen       total 62976K, used 5653K [0x00000000a4800000, 0x00000000a8580000, 0x00000000e1800000)
  object space 62976K, 8% used [0x00000000a4800000,0x00000000a4d857a8,0x00000000a8580000)
 Metaspace       used 18223K, capacity 18508K, committed 18944K, reserved 1067008K
  class space    used 2140K, capacity 2231K, committed 2304K, reserved 1048576K
}
Event: 66,857 GC heap before
{Heap before GC invocations=6 (full 0):
 PSYoungGen      total 27136K, used 17767K [0x00000000e1800000, 0x00000000e4b00000, 0x0000000100000000)
  eden space 23552K, 60% used [0x00000000e1800000,0x00000000e25e1d68,0x00000000e2f00000)
  from space 3584K, 99% used [0x00000000e2f80000,0x00000000e32f8040,0x00000000e3300000)
  to   space 7168K, 0% used [0x00000000e4400000,0x00000000e4400000,0x00000000e4b00000)
 ParOldGen       total 62976K, used 5653K [0x00000000a4800000, 0x00000000a8580000, 0x00000000e1800000)
  object space 62976K, 8% used [0x00000000a4800000,0x00000000a4d857a8,0x00000000a8580000)
 Metaspace       used 20679K, capacity 20956K, committed 21296K, reserved 1069056K
  class space    used 2503K, capacity 2591K, committed 2688K, reserved 1048576K
Event: 66,871 GC heap after
Heap after GC invocations=6 (full 0):
 PSYoungGen      total 27648K, used 4346K [0x00000000e1800000, 0x00000000e4880000, 0x0000000100000000)
  eden space 23040K, 0% used [0x00000000e1800000,0x00000000e1800000,0x00000000e2e80000)
  from space 4608K, 94% used [0x00000000e4400000,0x00000000e483e980,0x00000000e4880000)
  to   space 7168K, 0% used [0x00000000e3a80000,0x00000000e3a80000,0x00000000e4180000)
 ParOldGen       total 62976K, used 5661K [0x00000000a4800000, 0x00000000a8580000, 0x00000000e1800000)
  object space 62976K, 8% used [0x00000000a4800000,0x00000000a4d877a8,0x00000000a8580000)
 Metaspace       used 20679K, capacity 20956K, committed 21296K, reserved 1069056K
  class space    used 2503K, capacity 2591K, committed 2688K, reserved 1048576K
}
Event: 66,871 GC heap before
{Heap before GC invocations=7 (full 1):
 PSYoungGen      total 27648K, used 4346K [0x00000000e1800000, 0x00000000e4880000, 0x0000000100000000)
  eden space 23040K, 0% used [0x00000000e1800000,0x00000000e1800000,0x00000000e2e80000)
  from space 4608K, 94% used [0x00000000e4400000,0x00000000e483e980,0x00000000e4880000)
  to   space 7168K, 0% used [0x00000000e3a80000,0x00000000e3a80000,0x00000000e4180000)
 ParOldGen       total 62976K, used 5661K [0x00000000a4800000, 0x00000000a8580000, 0x00000000e1800000)
  object space 62976K, 8% used [0x00000000a4800000,0x00000000a4d877a8,0x00000000a8580000)
 Metaspace       used 20679K, capacity 20956K, committed 21296K, reserved 1069056K
  class space    used 2503K, capacity 2591K, committed 2688K, reserved 1048576K
Event: 66,933 GC heap after
Heap after GC invocations=7 (full 1):
 PSYoungGen      total 27648K, used 0K [0x00000000e1800000, 0x00000000e4880000, 0x0000000100000000)
  eden space 23040K, 0% used [0x00000000e1800000,0x00000000e1800000,0x00000000e2e80000)
  from space 4608K, 0% used [0x00000000e4400000,0x00000000e4400000,0x00000000e4880000)
  to   space 7168K, 0% used [0x00000000e3a80000,0x00000000e3a80000,0x00000000e4180000)
 ParOldGen       total 32768K, used 5638K [0x00000000a4800000, 0x00000000a6800000, 0x00000000e1800000)
  object space 32768K, 17% used [0x00000000a4800000,0x00000000a4d81a20,0x00000000a6800000)
 Metaspace       used 20679K, capacity 20956K, committed 21296K, reserved 1069056K
  class space    used 2503K, capacity 2591K, committed 2688K, reserved 1048576K
}

